2023-08-25 10:55:13.9232||ERROR|Microsoft.AspNetCore.Diagnostics.DeveloperExceptionPageMiddleware|An unhandled exception has occurred while executing the request. System.Net.Http.HttpRequestException: Request failed with status code Unauthorized
   at RestSharp.RestClientExtensions.PostAsync(IRestClient client, RestRequest request, CancellationToken cancellationToken)
   at RestSharp.AsyncHelpers.<>c__DisplayClass1_0`1.<<RunSync>b__0>d.MoveNext()
--- End of stack trace from previous location ---
   at RestSharp.AsyncHelpers.CustomSynchronizationContext.<Run>g__PostCallback|7_0(Object _)
   at RestSharp.AsyncHelpers.CustomSynchronizationContext.Run()
   at RestSharp.AsyncHelpers.RunSync(Func`1 task)
   at RestSharp.AsyncHelpers.RunSync[T](Func`1 task)
   at TahilBorsaJqeryAjax.Code.Rest.EntryProductRestClient.AddEntryProduct(Int32 FarmerId, DateTime DateTime, Int32 ProductId) in C:\Users\ASUS\source\repos\TahilBorsaMS\TahilBorsaJqueryAjax\Code\Rest\EntryProductRestClient.cs:line 25
   at TahilBorsaJqeryAjax.Areas.Admin.Controllers.EntryProductController.Index(EntryProductModel model) in C:\Users\ASUS\source\repos\TahilBorsaMS\TahilBorsaJqueryAjax\Areas\Admin\Controllers\EntryProductController.cs:line 44
   at lambda_method63(Closure , Object , Object[] )
   at Microsoft.AspNetCore.Mvc.Infrastructure.ActionMethodExecutor.SyncActionResultExecutor.Execute(IActionResultTypeMapper mapper, ObjectMethodExecutor executor, Object controller, Object[] arguments)
   at Microsoft.AspNetCore.Mvc.Infrastructure.ControllerActionInvoker.InvokeActionMethodAsync()
   at Microsoft.AspNetCore.Mvc.Infrastructure.ControllerActionInvoker.Next(State& next, Scope& scope, Object& state, Boolean& isCompleted)
   at Microsoft.AspNetCore.Mvc.Infrastructure.ControllerActionInvoker.InvokeNextActionFilterAsync()
--- End of stack trace from previous location ---
   at Microsoft.AspNetCore.Mvc.Infrastructure.ControllerActionInvoker.Rethrow(ActionExecutedContextSealed context)
   at Microsoft.AspNetCore.Mvc.Infrastructure.ControllerActionInvoker.Next(State& next, Scope& scope, Object& state, Boolean& isCompleted)
   at Microsoft.AspNetCore.Mvc.Infrastructure.ControllerActionInvoker.InvokeInnerFilterAsync()
--- End of stack trace from previous location ---
   at Microsoft.AspNetCore.Mvc.Infrastructure.ResourceInvoker.<InvokeNextResourceFilter>g__Awaited|25_0(ResourceInvoker invoker, Task lastTask, State next, Scope scope, Object state, Boolean isCompleted)
   at Microsoft.AspNetCore.Mvc.Infrastructure.ResourceInvoker.Rethrow(ResourceExecutedContextSealed context)
   at Microsoft.AspNetCore.Mvc.Infrastructure.ResourceInvoker.Next(State& next, Scope& scope, Object& state, Boolean& isCompleted)
   at Microsoft.AspNetCore.Mvc.Infrastructure.ResourceInvoker.InvokeFilterPipelineAsync()
--- End of stack trace from previous location ---
   at Microsoft.AspNetCore.Mvc.Infrastructure.ResourceInvoker.<InvokeAsync>g__Logged|17_1(ResourceInvoker invoker)
   at Microsoft.AspNetCore.Mvc.Infrastructure.ResourceInvoker.<InvokeAsync>g__Logged|17_1(ResourceInvoker invoker)
   at Microsoft.AspNetCore.Routing.EndpointMiddleware.<Invoke>g__AwaitRequestTask|6_0(Endpoint endpoint, Task requestTask, ILogger logger)
   at Microsoft.AspNetCore.Session.SessionMiddleware.Invoke(HttpContext context)
   at Microsoft.AspNetCore.Session.SessionMiddleware.Invoke(HttpContext context)
   at Microsoft.AspNetCore.Authorization.AuthorizationMiddleware.Invoke(HttpContext context)
   at Microsoft.AspNetCore.Diagnostics.DeveloperExceptionPageMiddleware.Invoke(HttpContext context)
2023-08-25 11:06:47.0832||ERROR|Microsoft.AspNetCore.Diagnostics.DeveloperExceptionPageMiddleware|An unhandled exception has occurred while executing the request. System.Net.Http.HttpRequestException: Request failed with status code Unauthorized
   at RestSharp.RestClientExtensions.PostAsync(IRestClient client, RestRequest request, CancellationToken cancellationToken)
   at RestSharp.AsyncHelpers.<>c__DisplayClass1_0`1.<<RunSync>b__0>d.MoveNext()
--- End of stack trace from previous location ---
   at RestSharp.AsyncHelpers.CustomSynchronizationContext.<Run>g__PostCallback|7_0(Object _)
   at RestSharp.AsyncHelpers.CustomSynchronizationContext.Run()
   at RestSharp.AsyncHelpers.RunSync(Func`1 task)
   at RestSharp.AsyncHelpers.RunSync[T](Func`1 task)
   at TahilBorsaJqeryAjax.Code.Rest.EntryProductRestClient.AddEntryProduct(Int32 FarmerId, DateTime DateTime, Int32 ProductId) in C:\Users\ASUS\source\repos\TahilBorsaMS\TahilBorsaJqueryAjax\Code\Rest\EntryProductRestClient.cs:line 28
   at TahilBorsaJqeryAjax.Areas.Admin.Controllers.EntryProductController.Index(EntryProductModel model) in C:\Users\ASUS\source\repos\TahilBorsaMS\TahilBorsaJqueryAjax\Areas\Admin\Controllers\EntryProductController.cs:line 44
   at lambda_method63(Closure , Object , Object[] )
   at Microsoft.AspNetCore.Mvc.Infrastructure.ActionMethodExecutor.SyncActionResultExecutor.Execute(IActionResultTypeMapper mapper, ObjectMethodExecutor executor, Object controller, Object[] arguments)
   at Microsoft.AspNetCore.Mvc.Infrastructure.ControllerActionInvoker.InvokeActionMethodAsync()
   at Microsoft.AspNetCore.Mvc.Infrastructure.ControllerActionInvoker.Next(State& next, Scope& scope, Object& state, Boolean& isCompleted)
   at Microsoft.AspNetCore.Mvc.Infrastructure.ControllerActionInvoker.InvokeNextActionFilterAsync()
--- End of stack trace from previous location ---
   at Microsoft.AspNetCore.Mvc.Infrastructure.ControllerActionInvoker.Rethrow(ActionExecutedContextSealed context)
   at Microsoft.AspNetCore.Mvc.Infrastructure.ControllerActionInvoker.Next(State& next, Scope& scope, Object& state, Boolean& isCompleted)
   at Microsoft.AspNetCore.Mvc.Infrastructure.ControllerActionInvoker.InvokeInnerFilterAsync()
--- End of stack trace from previous location ---
   at Microsoft.AspNetCore.Mvc.Infrastructure.ResourceInvoker.<InvokeNextResourceFilter>g__Awaited|25_0(ResourceInvoker invoker, Task lastTask, State next, Scope scope, Object state, Boolean isCompleted)
   at Microsoft.AspNetCore.Mvc.Infrastructure.ResourceInvoker.Rethrow(ResourceExecutedContextSealed context)
   at Microsoft.AspNetCore.Mvc.Infrastructure.ResourceInvoker.Next(State& next, Scope& scope, Object& state, Boolean& isCompleted)
   at Microsoft.AspNetCore.Mvc.Infrastructure.ResourceInvoker.InvokeFilterPipelineAsync()
--- End of stack trace from previous location ---
   at Microsoft.AspNetCore.Mvc.Infrastructure.ResourceInvoker.<InvokeAsync>g__Logged|17_1(ResourceInvoker invoker)
   at Microsoft.AspNetCore.Mvc.Infrastructure.ResourceInvoker.<InvokeAsync>g__Logged|17_1(ResourceInvoker invoker)
   at Microsoft.AspNetCore.Routing.EndpointMiddleware.<Invoke>g__AwaitRequestTask|6_0(Endpoint endpoint, Task requestTask, ILogger logger)
   at Microsoft.AspNetCore.Session.SessionMiddleware.Invoke(HttpContext context)
   at Microsoft.AspNetCore.Session.SessionMiddleware.Invoke(HttpContext context)
   at Microsoft.AspNetCore.Authorization.AuthorizationMiddleware.Invoke(HttpContext context)
   at Microsoft.AspNetCore.Diagnostics.DeveloperExceptionPageMiddleware.Invoke(HttpContext context)
