2023-07-31 17:41:44.1204||INFO|Microsoft.Hosting.Lifetime|Now listening on: https://localhost:7234 
2023-07-31 17:41:44.2101||INFO|Microsoft.Hosting.Lifetime|Now listening on: http://localhost:5107 
2023-07-31 17:41:44.2101||INFO|Microsoft.Hosting.Lifetime|Application started. Press Ctrl+C to shut down. 
2023-07-31 17:41:44.2213||INFO|Microsoft.Hosting.Lifetime|Hosting environment: Development 
2023-07-31 17:41:44.2213||INFO|Microsoft.Hosting.Lifetime|Content root path: C:\Users\ASUS\source\repos\TahilBorsaMS\TahilBorsa.Api\ 
2023-07-31 17:41:44.7617||INFO|Microsoft.AspNetCore.Hosting.Diagnostics|Request starting HTTP/2 GET https://localhost:7234/swagger/index.html - - 
2023-07-31 17:41:45.2101||INFO|Microsoft.AspNetCore.Hosting.Diagnostics|Request starting HTTP/2 GET https://localhost:7234/_framework/aspnetcore-browser-refresh.js - - 
2023-07-31 17:41:45.2199||INFO|Microsoft.AspNetCore.Hosting.Diagnostics|Request finished HTTP/2 GET https://localhost:7234/_framework/aspnetcore-browser-refresh.js - - - 200 12360 application/javascript;+charset=utf-8 8.9458ms 
2023-07-31 17:41:45.2199||INFO|Microsoft.AspNetCore.Hosting.Diagnostics|Request finished HTTP/2 GET https://localhost:7234/swagger/index.html - - - 200 - text/html;charset=utf-8 468.5269ms 
2023-07-31 17:41:45.3633||INFO|Microsoft.AspNetCore.Hosting.Diagnostics|Request starting HTTP/2 GET https://localhost:7234/_vs/browserLink - - 
2023-07-31 17:41:45.3936||INFO|Microsoft.AspNetCore.Hosting.Diagnostics|Request finished HTTP/2 GET https://localhost:7234/_vs/browserLink - - - 200 - text/javascript;+charset=UTF-8 30.2401ms 
2023-07-31 17:41:45.6763||INFO|Microsoft.AspNetCore.Hosting.Diagnostics|Request starting HTTP/2 GET https://localhost:7234/swagger/v1/swagger.json - - 
2023-07-31 17:41:45.8390||INFO|Microsoft.AspNetCore.Hosting.Diagnostics|Request finished HTTP/2 GET https://localhost:7234/swagger/v1/swagger.json - - - 200 - application/json;charset=utf-8 162.6969ms 
2023-07-31 17:41:55.4769||INFO|Microsoft.AspNetCore.Hosting.Diagnostics|Request starting HTTP/2 GET https://localhost:7234/api/Product/TumUrunler - - 
2023-07-31 17:41:55.4769||INFO|Microsoft.AspNetCore.Routing.EndpointMiddleware|Executing endpoint 'TahilBorsa.Api.Controllers.ProductController.TumUrunler (TahilBorsa.Api)' 
2023-07-31 17:41:55.5046||INFO|Microsoft.AspNetCore.Mvc.Infrastructure.ControllerActionInvoker|Route matched with {action = "TumUrunler", controller = "Product"}. Executing controller action with signature System.Object TumUrunler() on controller TahilBorsa.Api.Controllers.ProductController (TahilBorsa.Api). 
2023-07-31 17:41:56.6228||WARN|Microsoft.EntityFrameworkCore.Model.Validation|No store type was specified for the decimal property 'ActualPrice' on entity type 'tblSale'. This will cause values to be silently truncated if they do not fit in the default precision and scale. Explicitly specify the SQL server column type that can accommodate all the values in 'OnModelCreating' using 'HasColumnType', specify precision and scale using 'HasPrecision', or configure a value converter using 'HasConversion'. 
2023-07-31 17:41:56.6228||WARN|Microsoft.EntityFrameworkCore.Model.Validation|No store type was specified for the decimal property 'Amount' on entity type 'tblSale'. This will cause values to be silently truncated if they do not fit in the default precision and scale. Explicitly specify the SQL server column type that can accommodate all the values in 'OnModelCreating' using 'HasColumnType', specify precision and scale using 'HasPrecision', or configure a value converter using 'HasConversion'. 
2023-07-31 17:41:56.6228||WARN|Microsoft.EntityFrameworkCore.Model.Validation|No store type was specified for the decimal property 'BasePrice' on entity type 'tblSale'. This will cause values to be silently truncated if they do not fit in the default precision and scale. Explicitly specify the SQL server column type that can accommodate all the values in 'OnModelCreating' using 'HasColumnType', specify precision and scale using 'HasPrecision', or configure a value converter using 'HasConversion'. 
2023-07-31 17:41:57.6376||INFO|Microsoft.EntityFrameworkCore.Database.Command|Executed DbCommand (38ms) [Parameters=[], CommandType='Text', CommandTimeout='30']
SELECT [t].[Id], [t].[Information], [t].[Name], [t].[Photo]
FROM [tblProduct] AS [t] 
2023-07-31 17:41:57.6920||INFO|Microsoft.AspNetCore.Mvc.Infrastructure.ObjectResultExecutor|Executing ObjectResult, writing value of type '<>f__AnonymousType0`2[[System.Boolean, System.Private.CoreLib, Version=6.0.0.0, Culture=neutral, PublicKeyToken=7cec85d7bea7798e],[System.Collections.Generic.List`1[[TahilBorsaMS.Models.Entity.tblProduct, TahilBorsaMS, Version=1.0.0.0, Culture=neutral, PublicKeyToken=null]], System.Private.CoreLib, Version=6.0.0.0, Culture=neutral, PublicKeyToken=7cec85d7bea7798e]]'. 
2023-07-31 17:41:57.7119||INFO|Microsoft.AspNetCore.Mvc.Infrastructure.ControllerActionInvoker|Executed action TahilBorsa.Api.Controllers.ProductController.TumUrunler (TahilBorsa.Api) in 2202.171ms 
2023-07-31 17:41:57.7119||INFO|Microsoft.AspNetCore.Routing.EndpointMiddleware|Executed endpoint 'TahilBorsa.Api.Controllers.ProductController.TumUrunler (TahilBorsa.Api)' 
2023-07-31 17:41:57.7324||INFO|Microsoft.AspNetCore.Hosting.Diagnostics|Request finished HTTP/2 GET https://localhost:7234/api/Product/TumUrunler - - - 200 - application/json;+charset=utf-8 2255.5356ms 
2023-07-31 17:42:16.1479||INFO|Microsoft.AspNetCore.Hosting.Diagnostics|Request starting HTTP/2 GET https://localhost:7234/api/Product/{Id} - - 
2023-07-31 17:42:16.1479||INFO|Microsoft.AspNetCore.Routing.EndpointMiddleware|Executing endpoint 'TahilBorsa.Api.Controllers.ProductController.Get (TahilBorsa.Api)' 
2023-07-31 17:42:16.1796||INFO|Microsoft.AspNetCore.Mvc.Infrastructure.ControllerActionInvoker|Route matched with {action = "Get", controller = "Product"}. Executing controller action with signature System.Object Get(Int32) on controller TahilBorsa.Api.Controllers.ProductController (TahilBorsa.Api). 
2023-07-31 17:42:16.2268||INFO|Microsoft.AspNetCore.Mvc.Infrastructure.ObjectResultExecutor|Executing BadRequestObjectResult, writing value of type 'Microsoft.AspNetCore.Mvc.ValidationProblemDetails'. 
2023-07-31 17:42:16.2268||INFO|Microsoft.AspNetCore.Mvc.Infrastructure.ControllerActionInvoker|Executed action TahilBorsa.Api.Controllers.ProductController.Get (TahilBorsa.Api) in 48.1482ms 
2023-07-31 17:42:16.2268||INFO|Microsoft.AspNetCore.Routing.EndpointMiddleware|Executed endpoint 'TahilBorsa.Api.Controllers.ProductController.Get (TahilBorsa.Api)' 
2023-07-31 17:42:16.2268||INFO|Microsoft.AspNetCore.Hosting.Diagnostics|Request finished HTTP/2 GET https://localhost:7234/api/Product/{Id} - - - 400 - application/problem+json;+charset=utf-8 80.6284ms 
2023-07-31 18:46:10.6702||INFO|Microsoft.Hosting.Lifetime|Now listening on: https://localhost:7234 
2023-07-31 18:46:10.7336||INFO|Microsoft.Hosting.Lifetime|Now listening on: http://localhost:5107 
2023-07-31 18:46:10.7404||INFO|Microsoft.Hosting.Lifetime|Application started. Press Ctrl+C to shut down. 
2023-07-31 18:46:10.7404||INFO|Microsoft.Hosting.Lifetime|Hosting environment: Development 
2023-07-31 18:46:10.7404||INFO|Microsoft.Hosting.Lifetime|Content root path: C:\Users\ASUS\source\repos\TahilBorsaMS\TahilBorsa.Api\ 
2023-07-31 18:46:11.2334||INFO|Microsoft.AspNetCore.Hosting.Diagnostics|Request starting HTTP/2 GET https://localhost:7234/swagger/index.html - - 
2023-07-31 18:46:11.6462||INFO|Microsoft.AspNetCore.Hosting.Diagnostics|Request finished HTTP/2 GET https://localhost:7234/swagger/index.html - - - 200 - text/html;charset=utf-8 416.2625ms 
2023-07-31 18:46:11.6961||INFO|Microsoft.AspNetCore.Hosting.Diagnostics|Request starting HTTP/2 GET https://localhost:7234/_framework/aspnetcore-browser-refresh.js - - 
2023-07-31 18:46:11.6961||INFO|Microsoft.AspNetCore.Hosting.Diagnostics|Request finished HTTP/2 GET https://localhost:7234/_framework/aspnetcore-browser-refresh.js - - - 200 12360 application/javascript;+charset=utf-8 7.4475ms 
2023-07-31 18:46:11.7549||INFO|Microsoft.AspNetCore.Hosting.Diagnostics|Request starting HTTP/2 GET https://localhost:7234/_vs/browserLink - - 
2023-07-31 18:46:11.8242||INFO|Microsoft.AspNetCore.Hosting.Diagnostics|Request finished HTTP/2 GET https://localhost:7234/_vs/browserLink - - - 200 - text/javascript;+charset=UTF-8 69.1927ms 
2023-07-31 18:46:12.1325||INFO|Microsoft.AspNetCore.Hosting.Diagnostics|Request starting HTTP/2 GET https://localhost:7234/swagger/v1/swagger.json - - 
2023-07-31 18:46:12.3115||INFO|Microsoft.AspNetCore.Hosting.Diagnostics|Request finished HTTP/2 GET https://localhost:7234/swagger/v1/swagger.json - - - 200 - application/json;charset=utf-8 179.0133ms 
2023-07-31 18:56:57.8724||INFO|Microsoft.Hosting.Lifetime|Now listening on: https://localhost:7234 
2023-07-31 18:56:57.9266||INFO|Microsoft.Hosting.Lifetime|Now listening on: http://localhost:5107 
2023-07-31 18:56:57.9266||INFO|Microsoft.Hosting.Lifetime|Application started. Press Ctrl+C to shut down. 
2023-07-31 18:56:57.9266||INFO|Microsoft.Hosting.Lifetime|Hosting environment: Development 
2023-07-31 18:56:57.9266||INFO|Microsoft.Hosting.Lifetime|Content root path: C:\Users\ASUS\source\repos\TahilBorsaMS\TahilBorsa.Api\ 
2023-07-31 18:56:58.6515||INFO|Microsoft.AspNetCore.Hosting.Diagnostics|Request starting HTTP/2 GET https://localhost:7234/swagger/index.html - - 
2023-07-31 18:56:59.0556||INFO|Microsoft.AspNetCore.Hosting.Diagnostics|Request finished HTTP/2 GET https://localhost:7234/swagger/index.html - - - 200 - text/html;charset=utf-8 408.4660ms 
2023-07-31 18:56:59.1245||INFO|Microsoft.AspNetCore.Hosting.Diagnostics|Request starting HTTP/2 GET https://localhost:7234/_framework/aspnetcore-browser-refresh.js - - 
2023-07-31 18:56:59.1327||INFO|Microsoft.AspNetCore.Hosting.Diagnostics|Request finished HTTP/2 GET https://localhost:7234/_framework/aspnetcore-browser-refresh.js - - - 200 12360 application/javascript;+charset=utf-8 8.0909ms 
2023-07-31 18:56:59.1741||INFO|Microsoft.AspNetCore.Hosting.Diagnostics|Request starting HTTP/2 GET https://localhost:7234/_vs/browserLink - - 
2023-07-31 18:56:59.2079||INFO|Microsoft.AspNetCore.Hosting.Diagnostics|Request finished HTTP/2 GET https://localhost:7234/_vs/browserLink - - - 200 - text/javascript;+charset=UTF-8 33.8272ms 
2023-07-31 18:56:59.5189||INFO|Microsoft.AspNetCore.Hosting.Diagnostics|Request starting HTTP/2 GET https://localhost:7234/swagger/v1/swagger.json - - 
2023-07-31 18:56:59.6838||INFO|Microsoft.AspNetCore.Hosting.Diagnostics|Request finished HTTP/2 GET https://localhost:7234/swagger/v1/swagger.json - - - 200 - application/json;charset=utf-8 165.0316ms 
2023-07-31 18:57:07.3019||INFO|Microsoft.AspNetCore.Hosting.Diagnostics|Request starting HTTP/2 GET https://localhost:7234/api/Sale/Gerçekleşen Satışlar - - 
2023-07-31 18:57:07.3019||INFO|Microsoft.AspNetCore.Routing.EndpointMiddleware|Executing endpoint 'TahilBorsa.Api.Controllers.SaleController.Saled (TahilBorsa.Api)' 
2023-07-31 18:57:07.3319||INFO|Microsoft.AspNetCore.Mvc.Infrastructure.ControllerActionInvoker|Route matched with {action = "Saled", controller = "Sale"}. Executing controller action with signature System.Object Saled() on controller TahilBorsa.Api.Controllers.SaleController (TahilBorsa.Api). 
2023-07-31 18:57:08.4037||WARN|Microsoft.EntityFrameworkCore.Model.Validation|No store type was specified for the decimal property 'ActualPrice' on entity type 'tblSale'. This will cause values to be silently truncated if they do not fit in the default precision and scale. Explicitly specify the SQL server column type that can accommodate all the values in 'OnModelCreating' using 'HasColumnType', specify precision and scale using 'HasPrecision', or configure a value converter using 'HasConversion'. 
2023-07-31 18:57:08.4037||WARN|Microsoft.EntityFrameworkCore.Model.Validation|No store type was specified for the decimal property 'Amount' on entity type 'tblSale'. This will cause values to be silently truncated if they do not fit in the default precision and scale. Explicitly specify the SQL server column type that can accommodate all the values in 'OnModelCreating' using 'HasColumnType', specify precision and scale using 'HasPrecision', or configure a value converter using 'HasConversion'. 
2023-07-31 18:57:08.4037||WARN|Microsoft.EntityFrameworkCore.Model.Validation|No store type was specified for the decimal property 'BasePrice' on entity type 'tblSale'. This will cause values to be silently truncated if they do not fit in the default precision and scale. Explicitly specify the SQL server column type that can accommodate all the values in 'OnModelCreating' using 'HasColumnType', specify precision and scale using 'HasPrecision', or configure a value converter using 'HasConversion'. 
2023-07-31 18:57:09.6808||INFO|Microsoft.EntityFrameworkCore.Database.Command|Executed DbCommand (47ms) [Parameters=[], CommandType='Text', CommandTimeout='30']
SELECT [t].[Id], [t].[ActualPrice], [t].[Amount], [t].[BasePrice], [t].[Date], [t].[Process], [t].[Quantity], [t].[tblEntryProductId], [t].[tblLabDataId], [t].[tblTradesmanId]
FROM [tblSale] AS [t]
WHERE [t].[Process] = CAST(1 AS bit) 
2023-07-31 18:57:09.7296||INFO|Microsoft.AspNetCore.Mvc.Infrastructure.ObjectResultExecutor|Executing ObjectResult, writing value of type '<>f__AnonymousType0`2[[System.Boolean, System.Private.CoreLib, Version=6.0.0.0, Culture=neutral, PublicKeyToken=7cec85d7bea7798e],[System.Collections.Generic.List`1[[TahilBorsaMS.Models.Entity.tblSale, TahilBorsaMS, Version=1.0.0.0, Culture=neutral, PublicKeyToken=null]], System.Private.CoreLib, Version=6.0.0.0, Culture=neutral, PublicKeyToken=7cec85d7bea7798e]]'. 
2023-07-31 18:57:09.7604||INFO|Microsoft.AspNetCore.Mvc.Infrastructure.ControllerActionInvoker|Executed action TahilBorsa.Api.Controllers.SaleController.Saled (TahilBorsa.Api) in 2422.4895ms 
2023-07-31 18:57:09.7604||INFO|Microsoft.AspNetCore.Routing.EndpointMiddleware|Executed endpoint 'TahilBorsa.Api.Controllers.SaleController.Saled (TahilBorsa.Api)' 
2023-07-31 18:57:09.7846||INFO|Microsoft.AspNetCore.Hosting.Diagnostics|Request finished HTTP/2 GET https://localhost:7234/api/Sale/Gerçekleşen Satışlar - - - 200 - application/json;+charset=utf-8 2482.6582ms 
2023-07-31 19:11:34.2366||INFO|Microsoft.Hosting.Lifetime|Now listening on: https://localhost:7234 
2023-07-31 19:11:34.2963||INFO|Microsoft.Hosting.Lifetime|Now listening on: http://localhost:5107 
2023-07-31 19:11:34.3025||INFO|Microsoft.Hosting.Lifetime|Application started. Press Ctrl+C to shut down. 
2023-07-31 19:11:34.3025||INFO|Microsoft.Hosting.Lifetime|Hosting environment: Development 
2023-07-31 19:11:34.3025||INFO|Microsoft.Hosting.Lifetime|Content root path: C:\Users\ASUS\source\repos\TahilBorsaMS\TahilBorsa.Api\ 
2023-07-31 19:11:35.2280||INFO|Microsoft.AspNetCore.Hosting.Diagnostics|Request starting HTTP/2 GET https://localhost:7234/swagger/index.html - - 
2023-07-31 19:11:36.5950||INFO|Microsoft.AspNetCore.Hosting.Diagnostics|Request finished HTTP/2 GET https://localhost:7234/swagger/index.html - - - 200 - text/html;charset=utf-8 1376.3620ms 
2023-07-31 19:11:36.6715||INFO|Microsoft.AspNetCore.Hosting.Diagnostics|Request starting HTTP/2 GET https://localhost:7234/_framework/aspnetcore-browser-refresh.js - - 
2023-07-31 19:11:36.6761||INFO|Microsoft.AspNetCore.Hosting.Diagnostics|Request finished HTTP/2 GET https://localhost:7234/_framework/aspnetcore-browser-refresh.js - - - 200 12360 application/javascript;+charset=utf-8 4.5725ms 
2023-07-31 19:11:36.7189||INFO|Microsoft.AspNetCore.Hosting.Diagnostics|Request starting HTTP/2 GET https://localhost:7234/_vs/browserLink - - 
2023-07-31 19:11:36.7513||INFO|Microsoft.AspNetCore.Hosting.Diagnostics|Request finished HTTP/2 GET https://localhost:7234/_vs/browserLink - - - 200 - text/javascript;+charset=UTF-8 32.3880ms 
2023-07-31 19:11:37.0197||INFO|Microsoft.AspNetCore.Hosting.Diagnostics|Request starting HTTP/2 GET https://localhost:7234/swagger/v1/swagger.json - - 
2023-07-31 19:11:37.1772||INFO|Microsoft.AspNetCore.Hosting.Diagnostics|Request finished HTTP/2 GET https://localhost:7234/swagger/v1/swagger.json - - - 200 - application/json;charset=utf-8 157.5508ms 
2023-07-31 19:11:48.8367||INFO|Microsoft.AspNetCore.Hosting.Diagnostics|Request starting HTTP/2 GET https://localhost:7234/api/Sale/EsnafaGöreSatışlar/{TradesmanId} - - 
2023-07-31 19:11:48.8447||INFO|Microsoft.AspNetCore.Routing.EndpointMiddleware|Executing endpoint 'TahilBorsa.Api.Controllers.SaleController.SaleTradesman (TahilBorsa.Api)' 
2023-07-31 19:11:48.8760||INFO|Microsoft.AspNetCore.Mvc.Infrastructure.ControllerActionInvoker|Route matched with {action = "SaleTradesman", controller = "Sale"}. Executing controller action with signature System.Object SaleTradesman(Int32) on controller TahilBorsa.Api.Controllers.SaleController (TahilBorsa.Api). 
2023-07-31 19:11:49.9511||WARN|Microsoft.EntityFrameworkCore.Model.Validation|No store type was specified for the decimal property 'ActualPrice' on entity type 'tblSale'. This will cause values to be silently truncated if they do not fit in the default precision and scale. Explicitly specify the SQL server column type that can accommodate all the values in 'OnModelCreating' using 'HasColumnType', specify precision and scale using 'HasPrecision', or configure a value converter using 'HasConversion'. 
2023-07-31 19:11:49.9511||WARN|Microsoft.EntityFrameworkCore.Model.Validation|No store type was specified for the decimal property 'Amount' on entity type 'tblSale'. This will cause values to be silently truncated if they do not fit in the default precision and scale. Explicitly specify the SQL server column type that can accommodate all the values in 'OnModelCreating' using 'HasColumnType', specify precision and scale using 'HasPrecision', or configure a value converter using 'HasConversion'. 
2023-07-31 19:11:49.9511||WARN|Microsoft.EntityFrameworkCore.Model.Validation|No store type was specified for the decimal property 'BasePrice' on entity type 'tblSale'. This will cause values to be silently truncated if they do not fit in the default precision and scale. Explicitly specify the SQL server column type that can accommodate all the values in 'OnModelCreating' using 'HasColumnType', specify precision and scale using 'HasPrecision', or configure a value converter using 'HasConversion'. 
2023-07-31 19:11:50.1697||INFO|Microsoft.AspNetCore.Mvc.Infrastructure.ObjectResultExecutor|Executing BadRequestObjectResult, writing value of type 'Microsoft.AspNetCore.Mvc.ValidationProblemDetails'. 
2023-07-31 19:11:50.1842||INFO|Microsoft.AspNetCore.Mvc.Infrastructure.ControllerActionInvoker|Executed action TahilBorsa.Api.Controllers.SaleController.SaleTradesman (TahilBorsa.Api) in 1300.8701ms 
2023-07-31 19:11:50.1842||INFO|Microsoft.AspNetCore.Routing.EndpointMiddleware|Executed endpoint 'TahilBorsa.Api.Controllers.SaleController.SaleTradesman (TahilBorsa.Api)' 
2023-07-31 19:11:50.1977||INFO|Microsoft.AspNetCore.Hosting.Diagnostics|Request finished HTTP/2 GET https://localhost:7234/api/Sale/EsnafaGöreSatışlar/{TradesmanId} - - - 400 - application/problem+json;+charset=utf-8 1360.9504ms 
2023-07-31 19:13:03.9732||INFO|Microsoft.Hosting.Lifetime|Now listening on: https://localhost:7234 
2023-07-31 19:13:04.0286||INFO|Microsoft.Hosting.Lifetime|Now listening on: http://localhost:5107 
2023-07-31 19:13:04.0331||INFO|Microsoft.Hosting.Lifetime|Application started. Press Ctrl+C to shut down. 
2023-07-31 19:13:04.0331||INFO|Microsoft.Hosting.Lifetime|Hosting environment: Development 
2023-07-31 19:13:04.0331||INFO|Microsoft.Hosting.Lifetime|Content root path: C:\Users\ASUS\source\repos\TahilBorsaMS\TahilBorsa.Api\ 
2023-07-31 19:13:04.9019||INFO|Microsoft.AspNetCore.Hosting.Diagnostics|Request starting HTTP/2 GET https://localhost:7234/swagger/index.html - - 
2023-07-31 19:13:05.3371||INFO|Microsoft.AspNetCore.Hosting.Diagnostics|Request starting HTTP/2 GET https://localhost:7234/_framework/aspnetcore-browser-refresh.js - - 
2023-07-31 19:13:05.3452||INFO|Microsoft.AspNetCore.Hosting.Diagnostics|Request finished HTTP/2 GET https://localhost:7234/_framework/aspnetcore-browser-refresh.js - - - 200 12360 application/javascript;+charset=utf-8 7.2857ms 
2023-07-31 19:13:05.3452||INFO|Microsoft.AspNetCore.Hosting.Diagnostics|Request finished HTTP/2 GET https://localhost:7234/swagger/index.html - - - 200 - text/html;charset=utf-8 449.4792ms 
2023-07-31 19:13:05.4867||INFO|Microsoft.AspNetCore.Hosting.Diagnostics|Request starting HTTP/2 GET https://localhost:7234/_vs/browserLink - - 
2023-07-31 19:13:05.5421||INFO|Microsoft.AspNetCore.Hosting.Diagnostics|Request finished HTTP/2 GET https://localhost:7234/_vs/browserLink - - - 200 - text/javascript;+charset=UTF-8 55.3951ms 
2023-07-31 19:13:05.8404||INFO|Microsoft.AspNetCore.Hosting.Diagnostics|Request starting HTTP/2 GET https://localhost:7234/swagger/v1/swagger.json - - 
2023-07-31 19:13:06.0182||INFO|Microsoft.AspNetCore.Hosting.Diagnostics|Request finished HTTP/2 GET https://localhost:7234/swagger/v1/swagger.json - - - 200 - application/json;charset=utf-8 177.7825ms 
2023-07-31 19:13:28.5741||INFO|Microsoft.AspNetCore.Hosting.Diagnostics|Request starting HTTP/2 GET https://localhost:7234/api/Sale/EsnafaGöreSatışlar/2 - - 
2023-07-31 19:13:28.5879||INFO|Microsoft.AspNetCore.Routing.EndpointMiddleware|Executing endpoint 'TahilBorsa.Api.Controllers.SaleController.SaleTradesman (TahilBorsa.Api)' 
2023-07-31 19:13:28.6179||INFO|Microsoft.AspNetCore.Mvc.Infrastructure.ControllerActionInvoker|Route matched with {action = "SaleTradesman", controller = "Sale"}. Executing controller action with signature System.Object SaleTradesman(Int32) on controller TahilBorsa.Api.Controllers.SaleController (TahilBorsa.Api). 
2023-07-31 19:13:29.6731||WARN|Microsoft.EntityFrameworkCore.Model.Validation|No store type was specified for the decimal property 'ActualPrice' on entity type 'tblSale'. This will cause values to be silently truncated if they do not fit in the default precision and scale. Explicitly specify the SQL server column type that can accommodate all the values in 'OnModelCreating' using 'HasColumnType', specify precision and scale using 'HasPrecision', or configure a value converter using 'HasConversion'. 
2023-07-31 19:13:29.6731||WARN|Microsoft.EntityFrameworkCore.Model.Validation|No store type was specified for the decimal property 'Amount' on entity type 'tblSale'. This will cause values to be silently truncated if they do not fit in the default precision and scale. Explicitly specify the SQL server column type that can accommodate all the values in 'OnModelCreating' using 'HasColumnType', specify precision and scale using 'HasPrecision', or configure a value converter using 'HasConversion'. 
2023-07-31 19:13:29.6731||WARN|Microsoft.EntityFrameworkCore.Model.Validation|No store type was specified for the decimal property 'BasePrice' on entity type 'tblSale'. This will cause values to be silently truncated if they do not fit in the default precision and scale. Explicitly specify the SQL server column type that can accommodate all the values in 'OnModelCreating' using 'HasColumnType', specify precision and scale using 'HasPrecision', or configure a value converter using 'HasConversion'. 
2023-07-31 19:13:30.9950||INFO|Microsoft.EntityFrameworkCore.Database.Command|Executed DbCommand (88ms) [Parameters=[@__tradesmanId_0='?' (DbType = Int32)], CommandType='Text', CommandTimeout='30']
SELECT [t].[Id], [t].[ActualPrice], [t].[Amount], [t].[BasePrice], [t].[Date], [t].[Process], [t].[Quantity], [t].[tblEntryProductId], [t].[tblLabDataId], [t].[tblTradesmanId]
FROM [tblSale] AS [t]
WHERE [t].[tblTradesmanId] = @__tradesmanId_0 
2023-07-31 19:13:31.0314||INFO|Microsoft.AspNetCore.Mvc.Infrastructure.ObjectResultExecutor|Executing ObjectResult, writing value of type '<>f__AnonymousType0`2[[System.Boolean, System.Private.CoreLib, Version=6.0.0.0, Culture=neutral, PublicKeyToken=7cec85d7bea7798e],[System.Collections.Generic.List`1[[TahilBorsaMS.Models.Entity.tblSale, TahilBorsaMS, Version=1.0.0.0, Culture=neutral, PublicKeyToken=null]], System.Private.CoreLib, Version=6.0.0.0, Culture=neutral, PublicKeyToken=7cec85d7bea7798e]]'. 
2023-07-31 19:13:31.0527||INFO|Microsoft.AspNetCore.Mvc.Infrastructure.ControllerActionInvoker|Executed action TahilBorsa.Api.Controllers.SaleController.SaleTradesman (TahilBorsa.Api) in 2428.5632ms 
2023-07-31 19:13:31.0527||INFO|Microsoft.AspNetCore.Routing.EndpointMiddleware|Executed endpoint 'TahilBorsa.Api.Controllers.SaleController.SaleTradesman (TahilBorsa.Api)' 
2023-07-31 19:13:31.0847||INFO|Microsoft.AspNetCore.Hosting.Diagnostics|Request finished HTTP/2 GET https://localhost:7234/api/Sale/EsnafaGöreSatışlar/2 - - - 200 - application/json;+charset=utf-8 2510.5648ms 
2023-07-31 19:14:53.2651||INFO|Microsoft.Hosting.Lifetime|Now listening on: https://localhost:7234 
2023-07-31 19:14:53.3209||INFO|Microsoft.Hosting.Lifetime|Now listening on: http://localhost:5107 
2023-07-31 19:14:53.3209||INFO|Microsoft.Hosting.Lifetime|Application started. Press Ctrl+C to shut down. 
2023-07-31 19:14:53.3209||INFO|Microsoft.Hosting.Lifetime|Hosting environment: Development 
2023-07-31 19:14:53.3209||INFO|Microsoft.Hosting.Lifetime|Content root path: C:\Users\ASUS\source\repos\TahilBorsaMS\TahilBorsa.Api\ 
2023-07-31 19:14:54.0711||INFO|Microsoft.AspNetCore.Hosting.Diagnostics|Request starting HTTP/2 GET https://localhost:7234/swagger/index.html - - 
2023-07-31 19:14:54.4726||INFO|Microsoft.AspNetCore.Hosting.Diagnostics|Request starting HTTP/2 GET https://localhost:7234/_framework/aspnetcore-browser-refresh.js - - 
2023-07-31 19:14:54.4846||INFO|Microsoft.AspNetCore.Hosting.Diagnostics|Request finished HTTP/2 GET https://localhost:7234/_framework/aspnetcore-browser-refresh.js - - - 200 12360 application/javascript;+charset=utf-8 11.3431ms 
2023-07-31 19:14:54.4846||INFO|Microsoft.AspNetCore.Hosting.Diagnostics|Request finished HTTP/2 GET https://localhost:7234/swagger/index.html - - - 200 - text/html;charset=utf-8 421.1019ms 
2023-07-31 19:14:54.5927||INFO|Microsoft.AspNetCore.Hosting.Diagnostics|Request starting HTTP/2 GET https://localhost:7234/_vs/browserLink - - 
2023-07-31 19:14:54.6236||INFO|Microsoft.AspNetCore.Hosting.Diagnostics|Request finished HTTP/2 GET https://localhost:7234/_vs/browserLink - - - 200 - text/javascript;+charset=UTF-8 30.8782ms 
2023-07-31 19:14:54.9328||INFO|Microsoft.AspNetCore.Hosting.Diagnostics|Request starting HTTP/2 GET https://localhost:7234/swagger/v1/swagger.json - - 
2023-07-31 19:14:55.0806||INFO|Microsoft.AspNetCore.Hosting.Diagnostics|Request finished HTTP/2 GET https://localhost:7234/swagger/v1/swagger.json - - - 200 - application/json;charset=utf-8 147.7596ms 
2023-07-31 19:15:10.4516||INFO|Microsoft.AspNetCore.Hosting.Diagnostics|Request starting HTTP/2 GET https://localhost:7234/api/Sale/EsnafaGöreSatışlar/1?tradesmanId=1 - - 
2023-07-31 19:15:10.4632||INFO|Microsoft.AspNetCore.Routing.EndpointMiddleware|Executing endpoint 'TahilBorsa.Api.Controllers.SaleController.SaleTradesman (TahilBorsa.Api)' 
2023-07-31 19:15:10.4944||INFO|Microsoft.AspNetCore.Mvc.Infrastructure.ControllerActionInvoker|Route matched with {action = "SaleTradesman", controller = "Sale"}. Executing controller action with signature System.Object SaleTradesman(Int32) on controller TahilBorsa.Api.Controllers.SaleController (TahilBorsa.Api). 
2023-07-31 19:15:11.5824||WARN|Microsoft.EntityFrameworkCore.Model.Validation|No store type was specified for the decimal property 'ActualPrice' on entity type 'tblSale'. This will cause values to be silently truncated if they do not fit in the default precision and scale. Explicitly specify the SQL server column type that can accommodate all the values in 'OnModelCreating' using 'HasColumnType', specify precision and scale using 'HasPrecision', or configure a value converter using 'HasConversion'. 
2023-07-31 19:15:11.5824||WARN|Microsoft.EntityFrameworkCore.Model.Validation|No store type was specified for the decimal property 'Amount' on entity type 'tblSale'. This will cause values to be silently truncated if they do not fit in the default precision and scale. Explicitly specify the SQL server column type that can accommodate all the values in 'OnModelCreating' using 'HasColumnType', specify precision and scale using 'HasPrecision', or configure a value converter using 'HasConversion'. 
2023-07-31 19:15:11.5824||WARN|Microsoft.EntityFrameworkCore.Model.Validation|No store type was specified for the decimal property 'BasePrice' on entity type 'tblSale'. This will cause values to be silently truncated if they do not fit in the default precision and scale. Explicitly specify the SQL server column type that can accommodate all the values in 'OnModelCreating' using 'HasColumnType', specify precision and scale using 'HasPrecision', or configure a value converter using 'HasConversion'. 
2023-07-31 19:15:12.8960||INFO|Microsoft.EntityFrameworkCore.Database.Command|Executed DbCommand (74ms) [Parameters=[@__tradesmanId_0='?' (DbType = Int32)], CommandType='Text', CommandTimeout='30']
SELECT [t].[Id], [t].[ActualPrice], [t].[Amount], [t].[BasePrice], [t].[Date], [t].[Process], [t].[Quantity], [t].[tblEntryProductId], [t].[tblLabDataId], [t].[tblTradesmanId]
FROM [tblSale] AS [t]
WHERE [t].[tblTradesmanId] = @__tradesmanId_0 
2023-07-31 19:15:12.9518||INFO|Microsoft.AspNetCore.Mvc.Infrastructure.ObjectResultExecutor|Executing ObjectResult, writing value of type '<>f__AnonymousType0`2[[System.Boolean, System.Private.CoreLib, Version=6.0.0.0, Culture=neutral, PublicKeyToken=7cec85d7bea7798e],[System.Collections.Generic.List`1[[TahilBorsaMS.Models.Entity.tblSale, TahilBorsaMS, Version=1.0.0.0, Culture=neutral, PublicKeyToken=null]], System.Private.CoreLib, Version=6.0.0.0, Culture=neutral, PublicKeyToken=7cec85d7bea7798e]]'. 
2023-07-31 19:15:12.9814||INFO|Microsoft.AspNetCore.Mvc.Infrastructure.ControllerActionInvoker|Executed action TahilBorsa.Api.Controllers.SaleController.SaleTradesman (TahilBorsa.Api) in 2481.1964ms 
2023-07-31 19:15:12.9814||INFO|Microsoft.AspNetCore.Routing.EndpointMiddleware|Executed endpoint 'TahilBorsa.Api.Controllers.SaleController.SaleTradesman (TahilBorsa.Api)' 
2023-07-31 19:15:12.9987||INFO|Microsoft.AspNetCore.Hosting.Diagnostics|Request finished HTTP/2 GET https://localhost:7234/api/Sale/EsnafaGöreSatışlar/1?tradesmanId=1 - - - 200 - application/json;+charset=utf-8 2547.1021ms 
2023-07-31 19:42:37.9812||INFO|Microsoft.Hosting.Lifetime|Now listening on: https://localhost:7234 
2023-07-31 19:42:38.0412||INFO|Microsoft.Hosting.Lifetime|Now listening on: http://localhost:5107 
2023-07-31 19:42:38.0412||INFO|Microsoft.Hosting.Lifetime|Application started. Press Ctrl+C to shut down. 
2023-07-31 19:42:38.0412||INFO|Microsoft.Hosting.Lifetime|Hosting environment: Development 
2023-07-31 19:42:38.0486||INFO|Microsoft.Hosting.Lifetime|Content root path: C:\Users\ASUS\source\repos\TahilBorsaMS\TahilBorsa.Api\ 
2023-07-31 19:42:38.9378||INFO|Microsoft.AspNetCore.Hosting.Diagnostics|Request starting HTTP/2 GET https://localhost:7234/swagger/index.html - - 
2023-07-31 19:42:39.1859||INFO|Microsoft.AspNetCore.Hosting.Diagnostics|Request finished HTTP/2 GET https://localhost:7234/swagger/index.html - - - 200 - text/html;charset=utf-8 252.2002ms 
2023-07-31 19:42:39.1973||INFO|Microsoft.AspNetCore.Hosting.Diagnostics|Request starting HTTP/2 GET https://localhost:7234/_framework/aspnetcore-browser-refresh.js - - 
2023-07-31 19:42:39.1973||INFO|Microsoft.AspNetCore.Hosting.Diagnostics|Request finished HTTP/2 GET https://localhost:7234/_framework/aspnetcore-browser-refresh.js - - - 200 12360 application/javascript;+charset=utf-8 5.8814ms 
2023-07-31 19:42:39.6479||INFO|Microsoft.AspNetCore.Hosting.Diagnostics|Request starting HTTP/2 GET https://localhost:7234/swagger/v1/swagger.json - - 
2023-07-31 19:42:39.8797||INFO|Microsoft.AspNetCore.Hosting.Diagnostics|Request finished HTTP/2 GET https://localhost:7234/swagger/v1/swagger.json - - - 200 - application/json;charset=utf-8 231.8320ms 
2023-07-31 19:43:15.3459||INFO|Microsoft.AspNetCore.Hosting.Diagnostics|Request starting HTTP/2 GET https://localhost:7234/api/City/TumIller - - 
2023-07-31 19:43:15.3688||INFO|Microsoft.AspNetCore.Routing.EndpointMiddleware|Executing endpoint 'TahilBorsa.Api.Controllers.CityController.TumIller (TahilBorsa.Api)' 
2023-07-31 19:43:15.3875||INFO|Microsoft.AspNetCore.Mvc.Infrastructure.ControllerActionInvoker|Route matched with {action = "TumIller", controller = "City"}. Executing controller action with signature System.Object TumIller() on controller TahilBorsa.Api.Controllers.CityController (TahilBorsa.Api). 
2023-07-31 19:43:16.4832||WARN|Microsoft.EntityFrameworkCore.Model.Validation|No store type was specified for the decimal property 'ActualPrice' on entity type 'tblSale'. This will cause values to be silently truncated if they do not fit in the default precision and scale. Explicitly specify the SQL server column type that can accommodate all the values in 'OnModelCreating' using 'HasColumnType', specify precision and scale using 'HasPrecision', or configure a value converter using 'HasConversion'. 
2023-07-31 19:43:16.4847||WARN|Microsoft.EntityFrameworkCore.Model.Validation|No store type was specified for the decimal property 'Amount' on entity type 'tblSale'. This will cause values to be silently truncated if they do not fit in the default precision and scale. Explicitly specify the SQL server column type that can accommodate all the values in 'OnModelCreating' using 'HasColumnType', specify precision and scale using 'HasPrecision', or configure a value converter using 'HasConversion'. 
2023-07-31 19:43:16.4847||WARN|Microsoft.EntityFrameworkCore.Model.Validation|No store type was specified for the decimal property 'BasePrice' on entity type 'tblSale'. This will cause values to be silently truncated if they do not fit in the default precision and scale. Explicitly specify the SQL server column type that can accommodate all the values in 'OnModelCreating' using 'HasColumnType', specify precision and scale using 'HasPrecision', or configure a value converter using 'HasConversion'. 
2023-07-31 19:43:17.5267||INFO|Microsoft.EntityFrameworkCore.Database.Command|Executed DbCommand (39ms) [Parameters=[], CommandType='Text', CommandTimeout='30']
SELECT [t].[Id], [t].[Name]
FROM [tblCity] AS [t] 
2023-07-31 19:43:17.5836||INFO|Microsoft.AspNetCore.Mvc.Infrastructure.ObjectResultExecutor|Executing ObjectResult, writing value of type '<>f__AnonymousType0`2[[System.Boolean, System.Private.CoreLib, Version=6.0.0.0, Culture=neutral, PublicKeyToken=7cec85d7bea7798e],[System.Collections.Generic.List`1[[TahilBorsaMS.Models.Entity.tblCity, TahilBorsaMS, Version=1.0.0.0, Culture=neutral, PublicKeyToken=null]], System.Private.CoreLib, Version=6.0.0.0, Culture=neutral, PublicKeyToken=7cec85d7bea7798e]]'. 
2023-07-31 19:43:17.5973||INFO|Microsoft.AspNetCore.Mvc.Infrastructure.ControllerActionInvoker|Executed action TahilBorsa.Api.Controllers.CityController.TumIller (TahilBorsa.Api) in 2204.44ms 
2023-07-31 19:43:17.5973||INFO|Microsoft.AspNetCore.Routing.EndpointMiddleware|Executed endpoint 'TahilBorsa.Api.Controllers.CityController.TumIller (TahilBorsa.Api)' 
2023-07-31 19:43:17.6176||INFO|Microsoft.AspNetCore.Hosting.Diagnostics|Request finished HTTP/2 GET https://localhost:7234/api/City/TumIller - - - 200 - application/json;+charset=utf-8 2271.8029ms 
2023-07-31 19:43:36.6050||INFO|Microsoft.AspNetCore.Hosting.Diagnostics|Request starting HTTP/2 GET https://localhost:7234/api/District/4 - - 
2023-07-31 19:43:36.6170||INFO|Microsoft.AspNetCore.Routing.EndpointMiddleware|Executing endpoint 'TahilBorsa.Api.Controllers.DistrictController.Get (TahilBorsa.Api)' 
2023-07-31 19:43:36.6305||INFO|Microsoft.AspNetCore.Mvc.Infrastructure.ControllerActionInvoker|Route matched with {action = "Get", controller = "District"}. Executing controller action with signature System.String Get(Int32) on controller TahilBorsa.Api.Controllers.DistrictController (TahilBorsa.Api). 
2023-07-31 19:43:36.6678||INFO|Microsoft.AspNetCore.Mvc.Infrastructure.ObjectResultExecutor|Executing ObjectResult, writing value of type 'System.String'. 
2023-07-31 19:43:36.6678||INFO|Microsoft.AspNetCore.Mvc.Infrastructure.ControllerActionInvoker|Executed action TahilBorsa.Api.Controllers.DistrictController.Get (TahilBorsa.Api) in 37.296ms 
2023-07-31 19:43:36.6678||INFO|Microsoft.AspNetCore.Routing.EndpointMiddleware|Executed endpoint 'TahilBorsa.Api.Controllers.DistrictController.Get (TahilBorsa.Api)' 
2023-07-31 19:43:36.6678||INFO|Microsoft.AspNetCore.Hosting.Diagnostics|Request finished HTTP/2 GET https://localhost:7234/api/District/4 - - - 200 - text/plain;+charset=utf-8 63.7714ms 
2023-07-31 19:44:03.3675||INFO|Microsoft.AspNetCore.Hosting.Diagnostics|Request starting HTTP/2 GET https://localhost:7234/api/EntryProduct/GirisYapanUrunler - - 
2023-07-31 19:44:03.3675||INFO|Microsoft.AspNetCore.Routing.EndpointMiddleware|Executing endpoint 'TahilBorsa.Api.Controllers.EntryProductController.AllEntryProduct (TahilBorsa.Api)' 
2023-07-31 19:44:03.3675||INFO|Microsoft.AspNetCore.Mvc.Infrastructure.ControllerActionInvoker|Route matched with {action = "AllEntryProduct", controller = "EntryProduct"}. Executing controller action with signature System.Object AllEntryProduct() on controller TahilBorsa.Api.Controllers.EntryProductController (TahilBorsa.Api). 
2023-07-31 19:44:03.4380||INFO|Microsoft.EntityFrameworkCore.Database.Command|Executed DbCommand (3ms) [Parameters=[], CommandType='Text', CommandTimeout='30']
SELECT [t].[Id], [t].[DateTime], [t].[Process], [t].[Quantity], [t].[tblFarmerId], [t].[tblProductId]
FROM [tblEntryProduct] AS [t] 
2023-07-31 19:44:03.4409||INFO|Microsoft.AspNetCore.Mvc.Infrastructure.ObjectResultExecutor|Executing ObjectResult, writing value of type '<>f__AnonymousType0`2[[System.Boolean, System.Private.CoreLib, Version=6.0.0.0, Culture=neutral, PublicKeyToken=7cec85d7bea7798e],[System.Collections.Generic.List`1[[TahilBorsaMS.Models.Entity.tblEntryProduct, TahilBorsaMS, Version=1.0.0.0, Culture=neutral, PublicKeyToken=null]], System.Private.CoreLib, Version=6.0.0.0, Culture=neutral, PublicKeyToken=7cec85d7bea7798e]]'. 
2023-07-31 19:44:03.4644||INFO|Microsoft.AspNetCore.Mvc.Infrastructure.ControllerActionInvoker|Executed action TahilBorsa.Api.Controllers.EntryProductController.AllEntryProduct (TahilBorsa.Api) in 90.9549ms 
2023-07-31 19:44:03.4644||INFO|Microsoft.AspNetCore.Routing.EndpointMiddleware|Executed endpoint 'TahilBorsa.Api.Controllers.EntryProductController.AllEntryProduct (TahilBorsa.Api)' 
2023-07-31 19:44:03.4644||INFO|Microsoft.AspNetCore.Hosting.Diagnostics|Request finished HTTP/2 GET https://localhost:7234/api/EntryProduct/GirisYapanUrunler - - - 200 - application/json;+charset=utf-8 97.4276ms 
2023-07-31 19:44:32.8823||INFO|Microsoft.AspNetCore.Hosting.Diagnostics|Request starting HTTP/2 GET https://localhost:7234/api/Farmer/TumCiftciler - - 
2023-07-31 19:44:32.8964||INFO|Microsoft.AspNetCore.Routing.EndpointMiddleware|Executing endpoint 'TahilBorsa.Api.Controllers.FarmerController.TumCiftciler (TahilBorsa.Api)' 
2023-07-31 19:44:32.8964||INFO|Microsoft.AspNetCore.Mvc.Infrastructure.ControllerActionInvoker|Route matched with {action = "TumCiftciler", controller = "Farmer"}. Executing controller action with signature System.Object TumCiftciler() on controller TahilBorsa.Api.Controllers.FarmerController (TahilBorsa.Api). 
2023-07-31 19:44:32.8964||INFO|Microsoft.EntityFrameworkCore.Database.Command|Executed DbCommand (2ms) [Parameters=[], CommandType='Text', CommandTimeout='30']
SELECT [t].[Id], [t].[BirthDate], [t].[Contact], [t].[FirstName], [t].[IdentityNo], [t].[LastName], [t].[tblAddressId]
FROM [tblFarmer] AS [t] 
2023-07-31 19:44:32.9073||INFO|Microsoft.AspNetCore.Mvc.Infrastructure.ObjectResultExecutor|Executing ObjectResult, writing value of type '<>f__AnonymousType0`2[[System.Boolean, System.Private.CoreLib, Version=6.0.0.0, Culture=neutral, PublicKeyToken=7cec85d7bea7798e],[System.Collections.Generic.List`1[[TahilBorsaMS.Models.Entity.tblFarmer, TahilBorsaMS, Version=1.0.0.0, Culture=neutral, PublicKeyToken=null]], System.Private.CoreLib, Version=6.0.0.0, Culture=neutral, PublicKeyToken=7cec85d7bea7798e]]'. 
2023-07-31 19:44:32.9073||INFO|Microsoft.AspNetCore.Mvc.Infrastructure.ControllerActionInvoker|Executed action TahilBorsa.Api.Controllers.FarmerController.TumCiftciler (TahilBorsa.Api) in 12.1139ms 
2023-07-31 19:44:32.9073||INFO|Microsoft.AspNetCore.Routing.EndpointMiddleware|Executed endpoint 'TahilBorsa.Api.Controllers.FarmerController.TumCiftciler (TahilBorsa.Api)' 
2023-07-31 19:44:32.9073||INFO|Microsoft.AspNetCore.Hosting.Diagnostics|Request finished HTTP/2 GET https://localhost:7234/api/Farmer/TumCiftciler - - - 200 - application/json;+charset=utf-8 29.5795ms 
2023-07-31 19:45:01.5413||INFO|Microsoft.AspNetCore.Hosting.Diagnostics|Request starting HTTP/2 GET https://localhost:7234/api/Product/{Id} - - 
2023-07-31 19:45:01.5470||INFO|Microsoft.AspNetCore.Routing.EndpointMiddleware|Executing endpoint 'TahilBorsa.Api.Controllers.ProductController.Get (TahilBorsa.Api)' 
2023-07-31 19:45:01.5470||INFO|Microsoft.AspNetCore.Mvc.Infrastructure.ControllerActionInvoker|Route matched with {action = "Get", controller = "Product"}. Executing controller action with signature System.Object Get(Int32) on controller TahilBorsa.Api.Controllers.ProductController (TahilBorsa.Api). 
2023-07-31 19:45:01.5631||INFO|Microsoft.AspNetCore.Mvc.Infrastructure.ObjectResultExecutor|Executing BadRequestObjectResult, writing value of type 'Microsoft.AspNetCore.Mvc.ValidationProblemDetails'. 
2023-07-31 19:45:01.5631||INFO|Microsoft.AspNetCore.Mvc.Infrastructure.ControllerActionInvoker|Executed action TahilBorsa.Api.Controllers.ProductController.Get (TahilBorsa.Api) in 15.6968ms 
2023-07-31 19:45:01.5631||INFO|Microsoft.AspNetCore.Routing.EndpointMiddleware|Executed endpoint 'TahilBorsa.Api.Controllers.ProductController.Get (TahilBorsa.Api)' 
2023-07-31 19:45:01.5631||INFO|Microsoft.AspNetCore.Hosting.Diagnostics|Request finished HTTP/2 GET https://localhost:7234/api/Product/{Id} - - - 400 - application/problem+json;+charset=utf-8 23.4616ms 
2023-07-31 19:45:47.6783||INFO|Microsoft.AspNetCore.Hosting.Diagnostics|Request starting HTTP/2 GET https://localhost:7234/api/Product/{Id} - - 
2023-07-31 19:45:47.7245||INFO|Microsoft.AspNetCore.Routing.EndpointMiddleware|Executing endpoint 'TahilBorsa.Api.Controllers.ProductController.Get (TahilBorsa.Api)' 
2023-07-31 19:45:47.7245||INFO|Microsoft.AspNetCore.Mvc.Infrastructure.ControllerActionInvoker|Route matched with {action = "Get", controller = "Product"}. Executing controller action with signature System.Object Get(Int32) on controller TahilBorsa.Api.Controllers.ProductController (TahilBorsa.Api). 
2023-07-31 19:45:47.7245||INFO|Microsoft.AspNetCore.Mvc.Infrastructure.ObjectResultExecutor|Executing BadRequestObjectResult, writing value of type 'Microsoft.AspNetCore.Mvc.ValidationProblemDetails'. 
2023-07-31 19:45:47.7245||INFO|Microsoft.AspNetCore.Mvc.Infrastructure.ControllerActionInvoker|Executed action TahilBorsa.Api.Controllers.ProductController.Get (TahilBorsa.Api) in 1.3078ms 
2023-07-31 19:45:47.7245||INFO|Microsoft.AspNetCore.Routing.EndpointMiddleware|Executed endpoint 'TahilBorsa.Api.Controllers.ProductController.Get (TahilBorsa.Api)' 
2023-07-31 19:45:47.7245||INFO|Microsoft.AspNetCore.Hosting.Diagnostics|Request finished HTTP/2 GET https://localhost:7234/api/Product/{Id} - - - 400 - application/problem+json;+charset=utf-8 48.8152ms 
2023-07-31 20:04:45.9281||INFO|Microsoft.Hosting.Lifetime|Now listening on: https://localhost:7234 
2023-07-31 20:04:45.9836||INFO|Microsoft.Hosting.Lifetime|Now listening on: http://localhost:5107 
2023-07-31 20:04:45.9882||INFO|Microsoft.Hosting.Lifetime|Application started. Press Ctrl+C to shut down. 
2023-07-31 20:04:45.9882||INFO|Microsoft.Hosting.Lifetime|Hosting environment: Development 
2023-07-31 20:04:45.9882||INFO|Microsoft.Hosting.Lifetime|Content root path: C:\Users\ASUS\source\repos\TahilBorsaMS\TahilBorsa.Api\ 
2023-07-31 20:04:46.8005||INFO|Microsoft.AspNetCore.Hosting.Diagnostics|Request starting HTTP/2 GET https://localhost:7234/swagger/index.html - - 
2023-07-31 20:04:47.0405||INFO|Microsoft.AspNetCore.Hosting.Diagnostics|Request finished HTTP/2 GET https://localhost:7234/swagger/index.html - - - 200 - text/html;charset=utf-8 244.5329ms 
2023-07-31 20:04:47.0562||INFO|Microsoft.AspNetCore.Hosting.Diagnostics|Request starting HTTP/2 GET https://localhost:7234/_framework/aspnetcore-browser-refresh.js - - 
2023-07-31 20:04:47.0562||INFO|Microsoft.AspNetCore.Hosting.Diagnostics|Request finished HTTP/2 GET https://localhost:7234/_framework/aspnetcore-browser-refresh.js - - - 200 12360 application/javascript;+charset=utf-8 4.5102ms 
2023-07-31 20:04:47.7113||INFO|Microsoft.AspNetCore.Hosting.Diagnostics|Request starting HTTP/2 GET https://localhost:7234/swagger/v1/swagger.json - - 
2023-07-31 20:04:47.9390||INFO|Microsoft.AspNetCore.Hosting.Diagnostics|Request finished HTTP/2 GET https://localhost:7234/swagger/v1/swagger.json - - - 200 - application/json;charset=utf-8 227.7053ms 
2023-07-31 20:04:56.0719||INFO|Microsoft.AspNetCore.Hosting.Diagnostics|Request starting HTTP/2 GET https://localhost:7234/api/District/IllerinIlçeleri?tblCityId=3 - - 
2023-07-31 20:04:56.0796||INFO|Microsoft.AspNetCore.Routing.EndpointMiddleware|Executing endpoint 'TahilBorsa.Api.Controllers.DistrictController.DistrictsByCity (TahilBorsa.Api)' 
2023-07-31 20:04:56.1114||INFO|Microsoft.AspNetCore.Mvc.Infrastructure.ControllerActionInvoker|Route matched with {action = "DistrictsByCity", controller = "District"}. Executing controller action with signature System.Object DistrictsByCity(Int32) on controller TahilBorsa.Api.Controllers.DistrictController (TahilBorsa.Api). 
2023-07-31 20:04:57.1861||WARN|Microsoft.EntityFrameworkCore.Model.Validation|No store type was specified for the decimal property 'ActualPrice' on entity type 'tblSale'. This will cause values to be silently truncated if they do not fit in the default precision and scale. Explicitly specify the SQL server column type that can accommodate all the values in 'OnModelCreating' using 'HasColumnType', specify precision and scale using 'HasPrecision', or configure a value converter using 'HasConversion'. 
2023-07-31 20:04:57.1861||WARN|Microsoft.EntityFrameworkCore.Model.Validation|No store type was specified for the decimal property 'Amount' on entity type 'tblSale'. This will cause values to be silently truncated if they do not fit in the default precision and scale. Explicitly specify the SQL server column type that can accommodate all the values in 'OnModelCreating' using 'HasColumnType', specify precision and scale using 'HasPrecision', or configure a value converter using 'HasConversion'. 
2023-07-31 20:04:57.1861||WARN|Microsoft.EntityFrameworkCore.Model.Validation|No store type was specified for the decimal property 'BasePrice' on entity type 'tblSale'. This will cause values to be silently truncated if they do not fit in the default precision and scale. Explicitly specify the SQL server column type that can accommodate all the values in 'OnModelCreating' using 'HasColumnType', specify precision and scale using 'HasPrecision', or configure a value converter using 'HasConversion'. 
2023-07-31 20:04:58.5274||INFO|Microsoft.EntityFrameworkCore.Database.Command|Executed DbCommand (52ms) [Parameters=[], CommandType='Text', CommandTimeout='30']
SELECT [t].[Id], [t].[Name], [t].[tblCityId]
FROM [tblDistrict] AS [t]
INNER JOIN [tblCity] AS [t0] ON [t].[tblCityId] = [t0].[Id]
WHERE [t].[tblCityId] = [t0].[Id] 
2023-07-31 20:04:58.5928||INFO|Microsoft.AspNetCore.Mvc.Infrastructure.ObjectResultExecutor|Executing ObjectResult, writing value of type '<>f__AnonymousType0`2[[System.Boolean, System.Private.CoreLib, Version=6.0.0.0, Culture=neutral, PublicKeyToken=7cec85d7bea7798e],[System.Collections.Generic.List`1[[TahilBorsaMS.Models.Entity.tblDistrict, TahilBorsaMS, Version=1.0.0.0, Culture=neutral, PublicKeyToken=null]], System.Private.CoreLib, Version=6.0.0.0, Culture=neutral, PublicKeyToken=7cec85d7bea7798e]]'. 
2023-07-31 20:04:58.6082||INFO|Microsoft.AspNetCore.Mvc.Infrastructure.ControllerActionInvoker|Executed action TahilBorsa.Api.Controllers.DistrictController.DistrictsByCity (TahilBorsa.Api) in 2491.7898ms 
2023-07-31 20:04:58.6082||INFO|Microsoft.AspNetCore.Routing.EndpointMiddleware|Executed endpoint 'TahilBorsa.Api.Controllers.DistrictController.DistrictsByCity (TahilBorsa.Api)' 
2023-07-31 20:04:58.6350||INFO|Microsoft.AspNetCore.Hosting.Diagnostics|Request finished HTTP/2 GET https://localhost:7234/api/District/IllerinIlçeleri?tblCityId=3 - - - 200 - application/json;+charset=utf-8 2563.0581ms 
2023-07-31 20:07:33.2980||INFO|Microsoft.Hosting.Lifetime|Now listening on: https://localhost:7234 
2023-07-31 20:07:33.3355||INFO|Microsoft.Hosting.Lifetime|Now listening on: http://localhost:5107 
2023-07-31 20:07:33.3355||INFO|Microsoft.Hosting.Lifetime|Application started. Press Ctrl+C to shut down. 
2023-07-31 20:07:33.3355||INFO|Microsoft.Hosting.Lifetime|Hosting environment: Development 
2023-07-31 20:07:33.3355||INFO|Microsoft.Hosting.Lifetime|Content root path: C:\Users\ASUS\source\repos\TahilBorsaMS\TahilBorsa.Api\ 
2023-07-31 20:07:33.9716||INFO|Microsoft.AspNetCore.Hosting.Diagnostics|Request starting HTTP/2 GET https://localhost:7234/swagger/index.html - - 
2023-07-31 20:07:34.1439||INFO|Microsoft.AspNetCore.Hosting.Diagnostics|Request finished HTTP/2 GET https://localhost:7234/swagger/index.html - - - 200 - text/html;charset=utf-8 176.0370ms 
2023-07-31 20:07:34.1907||INFO|Microsoft.AspNetCore.Hosting.Diagnostics|Request starting HTTP/2 GET https://localhost:7234/_framework/aspnetcore-browser-refresh.js - - 
2023-07-31 20:07:34.1907||INFO|Microsoft.AspNetCore.Hosting.Diagnostics|Request finished HTTP/2 GET https://localhost:7234/_framework/aspnetcore-browser-refresh.js - - - 200 12360 application/javascript;+charset=utf-8 3.1290ms 
2023-07-31 20:07:34.6153||INFO|Microsoft.AspNetCore.Hosting.Diagnostics|Request starting HTTP/2 GET https://localhost:7234/swagger/v1/swagger.json - - 
2023-07-31 20:07:34.7216||INFO|Microsoft.AspNetCore.Hosting.Diagnostics|Request finished HTTP/2 GET https://localhost:7234/swagger/v1/swagger.json - - - 200 - application/json;charset=utf-8 106.3353ms 
2023-07-31 20:07:43.1347||INFO|Microsoft.AspNetCore.Hosting.Diagnostics|Request starting HTTP/2 GET https://localhost:7234/api/District/IllerinIlçeleri?tblCityId=1 - - 
2023-07-31 20:07:43.1347||INFO|Microsoft.AspNetCore.Routing.EndpointMiddleware|Executing endpoint 'TahilBorsa.Api.Controllers.DistrictController.DistrictsByCity (TahilBorsa.Api)' 
2023-07-31 20:07:43.1695||INFO|Microsoft.AspNetCore.Mvc.Infrastructure.ControllerActionInvoker|Route matched with {action = "DistrictsByCity", controller = "District"}. Executing controller action with signature System.Object DistrictsByCity(Int32) on controller TahilBorsa.Api.Controllers.DistrictController (TahilBorsa.Api). 
2023-07-31 20:07:43.9559||WARN|Microsoft.EntityFrameworkCore.Model.Validation|No store type was specified for the decimal property 'ActualPrice' on entity type 'tblSale'. This will cause values to be silently truncated if they do not fit in the default precision and scale. Explicitly specify the SQL server column type that can accommodate all the values in 'OnModelCreating' using 'HasColumnType', specify precision and scale using 'HasPrecision', or configure a value converter using 'HasConversion'. 
2023-07-31 20:07:43.9559||WARN|Microsoft.EntityFrameworkCore.Model.Validation|No store type was specified for the decimal property 'Amount' on entity type 'tblSale'. This will cause values to be silently truncated if they do not fit in the default precision and scale. Explicitly specify the SQL server column type that can accommodate all the values in 'OnModelCreating' using 'HasColumnType', specify precision and scale using 'HasPrecision', or configure a value converter using 'HasConversion'. 
2023-07-31 20:07:43.9559||WARN|Microsoft.EntityFrameworkCore.Model.Validation|No store type was specified for the decimal property 'BasePrice' on entity type 'tblSale'. This will cause values to be silently truncated if they do not fit in the default precision and scale. Explicitly specify the SQL server column type that can accommodate all the values in 'OnModelCreating' using 'HasColumnType', specify precision and scale using 'HasPrecision', or configure a value converter using 'HasConversion'. 
2023-07-31 20:07:44.6899||INFO|Microsoft.EntityFrameworkCore.Database.Command|Executed DbCommand (21ms) [Parameters=[], CommandType='Text', CommandTimeout='30']
SELECT [t].[Id], [t].[Name], [t].[tblCityId]
FROM [tblDistrict] AS [t]
INNER JOIN [tblCity] AS [t0] ON [t].[tblCityId] = [t0].[Id]
WHERE [t].[tblCityId] = [t0].[Id] 
2023-07-31 20:07:44.7148||INFO|Microsoft.AspNetCore.Mvc.Infrastructure.ObjectResultExecutor|Executing ObjectResult, writing value of type '<>f__AnonymousType0`2[[System.Boolean, System.Private.CoreLib, Version=6.0.0.0, Culture=neutral, PublicKeyToken=7cec85d7bea7798e],[System.Collections.Generic.List`1[[TahilBorsaMS.Models.Entity.tblDistrict, TahilBorsaMS, Version=1.0.0.0, Culture=neutral, PublicKeyToken=null]], System.Private.CoreLib, Version=6.0.0.0, Culture=neutral, PublicKeyToken=7cec85d7bea7798e]]'. 
2023-07-31 20:07:44.7266||INFO|Microsoft.AspNetCore.Mvc.Infrastructure.ControllerActionInvoker|Executed action TahilBorsa.Api.Controllers.DistrictController.DistrictsByCity (TahilBorsa.Api) in 1552.6789ms 
2023-07-31 20:07:44.7266||INFO|Microsoft.AspNetCore.Routing.EndpointMiddleware|Executed endpoint 'TahilBorsa.Api.Controllers.DistrictController.DistrictsByCity (TahilBorsa.Api)' 
2023-07-31 20:07:44.7266||INFO|Microsoft.AspNetCore.Hosting.Diagnostics|Request finished HTTP/2 GET https://localhost:7234/api/District/IllerinIlçeleri?tblCityId=1 - - - 200 - application/json;+charset=utf-8 1598.8794ms 
2023-07-31 20:09:07.4544||INFO|Microsoft.Hosting.Lifetime|Now listening on: https://localhost:7234 
2023-07-31 20:09:07.5168||INFO|Microsoft.Hosting.Lifetime|Now listening on: http://localhost:5107 
2023-07-31 20:09:07.5168||INFO|Microsoft.Hosting.Lifetime|Application started. Press Ctrl+C to shut down. 
2023-07-31 20:09:07.5168||INFO|Microsoft.Hosting.Lifetime|Hosting environment: Development 
2023-07-31 20:09:07.5168||INFO|Microsoft.Hosting.Lifetime|Content root path: C:\Users\ASUS\source\repos\TahilBorsaMS\TahilBorsa.Api\ 
2023-07-31 20:09:08.2585||INFO|Microsoft.AspNetCore.Hosting.Diagnostics|Request starting HTTP/2 GET https://localhost:7234/swagger/index.html - - 
2023-07-31 20:09:08.4914||INFO|Microsoft.AspNetCore.Hosting.Diagnostics|Request finished HTTP/2 GET https://localhost:7234/swagger/index.html - - - 200 - text/html;charset=utf-8 238.1970ms 
2023-07-31 20:09:08.5109||INFO|Microsoft.AspNetCore.Hosting.Diagnostics|Request starting HTTP/2 GET https://localhost:7234/_framework/aspnetcore-browser-refresh.js - - 
2023-07-31 20:09:08.5109||INFO|Microsoft.AspNetCore.Hosting.Diagnostics|Request finished HTTP/2 GET https://localhost:7234/_framework/aspnetcore-browser-refresh.js - - - 200 12360 application/javascript;+charset=utf-8 3.9083ms 
2023-07-31 20:09:08.9709||INFO|Microsoft.AspNetCore.Hosting.Diagnostics|Request starting HTTP/2 GET https://localhost:7234/swagger/v1/swagger.json - - 
2023-07-31 20:09:09.1613||INFO|Microsoft.AspNetCore.Hosting.Diagnostics|Request finished HTTP/2 GET https://localhost:7234/swagger/v1/swagger.json - - - 200 - application/json;charset=utf-8 190.4669ms 
2023-07-31 20:09:16.6610||INFO|Microsoft.AspNetCore.Hosting.Diagnostics|Request starting HTTP/2 GET https://localhost:7234/api/District/IllerinIlçeleri?id=19 - - 
2023-07-31 20:09:16.6610||INFO|Microsoft.AspNetCore.Routing.EndpointMiddleware|Executing endpoint 'TahilBorsa.Api.Controllers.DistrictController.DistrictsByCity (TahilBorsa.Api)' 
2023-07-31 20:09:16.6997||INFO|Microsoft.AspNetCore.Mvc.Infrastructure.ControllerActionInvoker|Route matched with {action = "DistrictsByCity", controller = "District"}. Executing controller action with signature System.Object DistrictsByCity(Int32) on controller TahilBorsa.Api.Controllers.DistrictController (TahilBorsa.Api). 
2023-07-31 20:09:17.8154||WARN|Microsoft.EntityFrameworkCore.Model.Validation|No store type was specified for the decimal property 'ActualPrice' on entity type 'tblSale'. This will cause values to be silently truncated if they do not fit in the default precision and scale. Explicitly specify the SQL server column type that can accommodate all the values in 'OnModelCreating' using 'HasColumnType', specify precision and scale using 'HasPrecision', or configure a value converter using 'HasConversion'. 
2023-07-31 20:09:17.8154||WARN|Microsoft.EntityFrameworkCore.Model.Validation|No store type was specified for the decimal property 'Amount' on entity type 'tblSale'. This will cause values to be silently truncated if they do not fit in the default precision and scale. Explicitly specify the SQL server column type that can accommodate all the values in 'OnModelCreating' using 'HasColumnType', specify precision and scale using 'HasPrecision', or configure a value converter using 'HasConversion'. 
2023-07-31 20:09:17.8154||WARN|Microsoft.EntityFrameworkCore.Model.Validation|No store type was specified for the decimal property 'BasePrice' on entity type 'tblSale'. This will cause values to be silently truncated if they do not fit in the default precision and scale. Explicitly specify the SQL server column type that can accommodate all the values in 'OnModelCreating' using 'HasColumnType', specify precision and scale using 'HasPrecision', or configure a value converter using 'HasConversion'. 
2023-07-31 20:09:19.1456||INFO|Microsoft.EntityFrameworkCore.Database.Command|Executed DbCommand (44ms) [Parameters=[], CommandType='Text', CommandTimeout='30']
SELECT [t].[Id], [t].[Name], [t].[tblCityId]
FROM [tblDistrict] AS [t]
INNER JOIN [tblCity] AS [t0] ON [t].[tblCityId] = [t0].[Id]
WHERE [t].[tblCityId] = [t0].[Id] 
2023-07-31 20:09:19.2029||INFO|Microsoft.AspNetCore.Mvc.Infrastructure.ObjectResultExecutor|Executing ObjectResult, writing value of type '<>f__AnonymousType0`2[[System.Boolean, System.Private.CoreLib, Version=6.0.0.0, Culture=neutral, PublicKeyToken=7cec85d7bea7798e],[System.Collections.Generic.List`1[[TahilBorsaMS.Models.Entity.tblDistrict, TahilBorsaMS, Version=1.0.0.0, Culture=neutral, PublicKeyToken=null]], System.Private.CoreLib, Version=6.0.0.0, Culture=neutral, PublicKeyToken=7cec85d7bea7798e]]'. 
2023-07-31 20:09:19.2185||INFO|Microsoft.AspNetCore.Mvc.Infrastructure.ControllerActionInvoker|Executed action TahilBorsa.Api.Controllers.DistrictController.DistrictsByCity (TahilBorsa.Api) in 2513.9214ms 
2023-07-31 20:09:19.2188||INFO|Microsoft.AspNetCore.Routing.EndpointMiddleware|Executed endpoint 'TahilBorsa.Api.Controllers.DistrictController.DistrictsByCity (TahilBorsa.Api)' 
2023-07-31 20:09:19.2413||INFO|Microsoft.AspNetCore.Hosting.Diagnostics|Request finished HTTP/2 GET https://localhost:7234/api/District/IllerinIlçeleri?id=19 - - - 200 - application/json;+charset=utf-8 2580.2062ms 
2023-07-31 20:09:54.4929||INFO|Microsoft.AspNetCore.Hosting.Diagnostics|Request starting HTTP/2 GET https://localhost:7234/api/District/IllerinIlçeleri?id=19 - - 
2023-07-31 20:09:54.5006||INFO|Microsoft.AspNetCore.Routing.EndpointMiddleware|Executing endpoint 'TahilBorsa.Api.Controllers.DistrictController.DistrictsByCity (TahilBorsa.Api)' 
2023-07-31 20:09:54.5006||INFO|Microsoft.AspNetCore.Mvc.Infrastructure.ControllerActionInvoker|Route matched with {action = "DistrictsByCity", controller = "District"}. Executing controller action with signature System.Object DistrictsByCity(Int32) on controller TahilBorsa.Api.Controllers.DistrictController (TahilBorsa.Api). 
2023-07-31 20:10:16.7371||INFO|Microsoft.EntityFrameworkCore.Database.Command|Executed DbCommand (4ms) [Parameters=[], CommandType='Text', CommandTimeout='30']
SELECT [t].[Id], [t].[Name], [t].[tblCityId]
FROM [tblDistrict] AS [t]
INNER JOIN [tblCity] AS [t0] ON [t].[tblCityId] = [t0].[Id]
WHERE [t].[tblCityId] = [t0].[Id] 
2023-07-31 20:11:57.3403||INFO|Microsoft.Hosting.Lifetime|Now listening on: https://localhost:7234 
2023-07-31 20:11:57.4001||INFO|Microsoft.Hosting.Lifetime|Now listening on: http://localhost:5107 
2023-07-31 20:11:57.4001||INFO|Microsoft.Hosting.Lifetime|Application started. Press Ctrl+C to shut down. 
2023-07-31 20:11:57.4069||INFO|Microsoft.Hosting.Lifetime|Hosting environment: Development 
2023-07-31 20:11:57.4069||INFO|Microsoft.Hosting.Lifetime|Content root path: C:\Users\ASUS\source\repos\TahilBorsaMS\TahilBorsa.Api\ 
2023-07-31 20:11:58.0975||INFO|Microsoft.AspNetCore.Hosting.Diagnostics|Request starting HTTP/2 GET https://localhost:7234/swagger/index.html - - 
2023-07-31 20:11:58.3369||INFO|Microsoft.AspNetCore.Hosting.Diagnostics|Request finished HTTP/2 GET https://localhost:7234/swagger/index.html - - - 200 - text/html;charset=utf-8 243.4746ms 
2023-07-31 20:11:58.3518||INFO|Microsoft.AspNetCore.Hosting.Diagnostics|Request starting HTTP/2 GET https://localhost:7234/_framework/aspnetcore-browser-refresh.js - - 
2023-07-31 20:11:58.3518||INFO|Microsoft.AspNetCore.Hosting.Diagnostics|Request finished HTTP/2 GET https://localhost:7234/_framework/aspnetcore-browser-refresh.js - - - 200 12360 application/javascript;+charset=utf-8 5.6290ms 
2023-07-31 20:11:58.7672||INFO|Microsoft.AspNetCore.Hosting.Diagnostics|Request starting HTTP/2 GET https://localhost:7234/swagger/v1/swagger.json - - 
2023-07-31 20:11:58.8974||INFO|Microsoft.AspNetCore.Hosting.Diagnostics|Request finished HTTP/2 GET https://localhost:7234/swagger/v1/swagger.json - - - 200 - application/json;charset=utf-8 130.1271ms 
2023-07-31 20:12:08.3003||INFO|Microsoft.AspNetCore.Hosting.Diagnostics|Request starting HTTP/2 GET https://localhost:7234/api/District/IllerinIlçeleri?id=19 - - 
2023-07-31 20:12:08.3003||INFO|Microsoft.AspNetCore.Routing.EndpointMiddleware|Executing endpoint 'TahilBorsa.Api.Controllers.DistrictController.DistrictsByCity (TahilBorsa.Api)' 
2023-07-31 20:12:08.3422||INFO|Microsoft.AspNetCore.Mvc.Infrastructure.ControllerActionInvoker|Route matched with {action = "DistrictsByCity", controller = "District"}. Executing controller action with signature System.Object DistrictsByCity(Int32) on controller TahilBorsa.Api.Controllers.DistrictController (TahilBorsa.Api). 
2023-07-31 20:12:09.5050||WARN|Microsoft.EntityFrameworkCore.Model.Validation|No store type was specified for the decimal property 'ActualPrice' on entity type 'tblSale'. This will cause values to be silently truncated if they do not fit in the default precision and scale. Explicitly specify the SQL server column type that can accommodate all the values in 'OnModelCreating' using 'HasColumnType', specify precision and scale using 'HasPrecision', or configure a value converter using 'HasConversion'. 
2023-07-31 20:12:09.5050||WARN|Microsoft.EntityFrameworkCore.Model.Validation|No store type was specified for the decimal property 'Amount' on entity type 'tblSale'. This will cause values to be silently truncated if they do not fit in the default precision and scale. Explicitly specify the SQL server column type that can accommodate all the values in 'OnModelCreating' using 'HasColumnType', specify precision and scale using 'HasPrecision', or configure a value converter using 'HasConversion'. 
2023-07-31 20:12:09.5050||WARN|Microsoft.EntityFrameworkCore.Model.Validation|No store type was specified for the decimal property 'BasePrice' on entity type 'tblSale'. This will cause values to be silently truncated if they do not fit in the default precision and scale. Explicitly specify the SQL server column type that can accommodate all the values in 'OnModelCreating' using 'HasColumnType', specify precision and scale using 'HasPrecision', or configure a value converter using 'HasConversion'. 
2023-07-31 20:12:16.2584||INFO|Microsoft.EntityFrameworkCore.Database.Command|Executed DbCommand (79ms) [Parameters=[@__id_0='?' (DbType = Int32)], CommandType='Text', CommandTimeout='30']
SELECT [t].[Id], [t].[Name], [t].[tblCityId]
FROM [tblDistrict] AS [t]
INNER JOIN [tblCity] AS [t0] ON [t].[tblCityId] = [t0].[Id]
WHERE [t].[tblCityId] = @__id_0 
2023-07-31 20:12:43.0489||INFO|Microsoft.AspNetCore.Mvc.Infrastructure.ObjectResultExecutor|Executing ObjectResult, writing value of type '<>f__AnonymousType0`2[[System.Boolean, System.Private.CoreLib, Version=6.0.0.0, Culture=neutral, PublicKeyToken=7cec85d7bea7798e],[System.Collections.Generic.List`1[[TahilBorsaMS.Models.Entity.tblDistrict, TahilBorsaMS, Version=1.0.0.0, Culture=neutral, PublicKeyToken=null]], System.Private.CoreLib, Version=6.0.0.0, Culture=neutral, PublicKeyToken=7cec85d7bea7798e]]'. 
2023-07-31 20:12:43.0712||INFO|Microsoft.AspNetCore.Mvc.Infrastructure.ControllerActionInvoker|Executed action TahilBorsa.Api.Controllers.DistrictController.DistrictsByCity (TahilBorsa.Api) in 34716.0556ms 
2023-07-31 20:12:43.0712||INFO|Microsoft.AspNetCore.Routing.EndpointMiddleware|Executed endpoint 'TahilBorsa.Api.Controllers.DistrictController.DistrictsByCity (TahilBorsa.Api)' 
2023-07-31 20:12:43.0975||INFO|Microsoft.AspNetCore.Hosting.Diagnostics|Request finished HTTP/2 GET https://localhost:7234/api/District/IllerinIlçeleri?id=19 - - - 200 - application/json;+charset=utf-8 34797.1068ms 
2023-07-31 20:14:03.9096||INFO|Microsoft.Hosting.Lifetime|Now listening on: https://localhost:7234 
2023-07-31 20:14:03.9712||INFO|Microsoft.Hosting.Lifetime|Now listening on: http://localhost:5107 
2023-07-31 20:14:03.9712||INFO|Microsoft.Hosting.Lifetime|Application started. Press Ctrl+C to shut down. 
2023-07-31 20:14:03.9712||INFO|Microsoft.Hosting.Lifetime|Hosting environment: Development 
2023-07-31 20:14:03.9712||INFO|Microsoft.Hosting.Lifetime|Content root path: C:\Users\ASUS\source\repos\TahilBorsaMS\TahilBorsa.Api\ 
2023-07-31 20:14:04.8475||INFO|Microsoft.AspNetCore.Hosting.Diagnostics|Request starting HTTP/2 GET https://localhost:7234/swagger/index.html - - 
2023-07-31 20:14:05.1238||INFO|Microsoft.AspNetCore.Hosting.Diagnostics|Request finished HTTP/2 GET https://localhost:7234/swagger/index.html - - - 200 - text/html;charset=utf-8 279.2526ms 
2023-07-31 20:14:05.1387||INFO|Microsoft.AspNetCore.Hosting.Diagnostics|Request starting HTTP/2 GET https://localhost:7234/_framework/aspnetcore-browser-refresh.js - - 
2023-07-31 20:14:05.1436||INFO|Microsoft.AspNetCore.Hosting.Diagnostics|Request finished HTTP/2 GET https://localhost:7234/_framework/aspnetcore-browser-refresh.js - - - 200 12360 application/javascript;+charset=utf-8 4.9511ms 
2023-07-31 20:14:05.5393||INFO|Microsoft.AspNetCore.Hosting.Diagnostics|Request starting HTTP/2 GET https://localhost:7234/swagger/v1/swagger.json - - 
2023-07-31 20:14:05.7325||INFO|Microsoft.AspNetCore.Hosting.Diagnostics|Request finished HTTP/2 GET https://localhost:7234/swagger/v1/swagger.json - - - 200 - application/json;charset=utf-8 193.2564ms 
2023-07-31 20:14:20.3732||INFO|Microsoft.AspNetCore.Hosting.Diagnostics|Request starting HTTP/2 GET https://localhost:7234/api/District/IllerinIlçeleri?ilPlaka=18 - - 
2023-07-31 20:14:20.3843||INFO|Microsoft.AspNetCore.Routing.EndpointMiddleware|Executing endpoint 'TahilBorsa.Api.Controllers.DistrictController.DistrictsByCity (TahilBorsa.Api)' 
2023-07-31 20:14:20.4166||INFO|Microsoft.AspNetCore.Mvc.Infrastructure.ControllerActionInvoker|Route matched with {action = "DistrictsByCity", controller = "District"}. Executing controller action with signature System.Object DistrictsByCity(Int32) on controller TahilBorsa.Api.Controllers.DistrictController (TahilBorsa.Api). 
2023-07-31 20:14:21.5177||WARN|Microsoft.EntityFrameworkCore.Model.Validation|No store type was specified for the decimal property 'ActualPrice' on entity type 'tblSale'. This will cause values to be silently truncated if they do not fit in the default precision and scale. Explicitly specify the SQL server column type that can accommodate all the values in 'OnModelCreating' using 'HasColumnType', specify precision and scale using 'HasPrecision', or configure a value converter using 'HasConversion'. 
2023-07-31 20:14:21.5177||WARN|Microsoft.EntityFrameworkCore.Model.Validation|No store type was specified for the decimal property 'Amount' on entity type 'tblSale'. This will cause values to be silently truncated if they do not fit in the default precision and scale. Explicitly specify the SQL server column type that can accommodate all the values in 'OnModelCreating' using 'HasColumnType', specify precision and scale using 'HasPrecision', or configure a value converter using 'HasConversion'. 
2023-07-31 20:14:21.5177||WARN|Microsoft.EntityFrameworkCore.Model.Validation|No store type was specified for the decimal property 'BasePrice' on entity type 'tblSale'. This will cause values to be silently truncated if they do not fit in the default precision and scale. Explicitly specify the SQL server column type that can accommodate all the values in 'OnModelCreating' using 'HasColumnType', specify precision and scale using 'HasPrecision', or configure a value converter using 'HasConversion'. 
2023-07-31 20:14:33.0528||INFO|Microsoft.EntityFrameworkCore.Database.Command|Executed DbCommand (82ms) [Parameters=[@__ilPlaka_0='?' (DbType = Int32)], CommandType='Text', CommandTimeout='30']
SELECT [t].[Id], [t].[Name], [t].[tblCityId]
FROM [tblDistrict] AS [t]
INNER JOIN [tblCity] AS [t0] ON [t].[tblCityId] = [t0].[Id]
WHERE [t].[tblCityId] = @__ilPlaka_0 
2023-07-31 20:14:43.0419||INFO|Microsoft.AspNetCore.Mvc.Infrastructure.ObjectResultExecutor|Executing ObjectResult, writing value of type '<>f__AnonymousType0`2[[System.Boolean, System.Private.CoreLib, Version=6.0.0.0, Culture=neutral, PublicKeyToken=7cec85d7bea7798e],[System.Collections.Generic.List`1[[TahilBorsaMS.Models.Entity.tblDistrict, TahilBorsaMS, Version=1.0.0.0, Culture=neutral, PublicKeyToken=null]], System.Private.CoreLib, Version=6.0.0.0, Culture=neutral, PublicKeyToken=7cec85d7bea7798e]]'. 
2023-07-31 20:14:43.0621||INFO|Microsoft.AspNetCore.Mvc.Infrastructure.ControllerActionInvoker|Executed action TahilBorsa.Api.Controllers.DistrictController.DistrictsByCity (TahilBorsa.Api) in 22633.8349ms 
2023-07-31 20:14:43.0621||INFO|Microsoft.AspNetCore.Routing.EndpointMiddleware|Executed endpoint 'TahilBorsa.Api.Controllers.DistrictController.DistrictsByCity (TahilBorsa.Api)' 
2023-07-31 20:14:43.0832||INFO|Microsoft.AspNetCore.Hosting.Diagnostics|Request finished HTTP/2 GET https://localhost:7234/api/District/IllerinIlçeleri?ilPlaka=18 - - - 200 - application/json;+charset=utf-8 22710.0572ms 
